<?xml version="1.0" encoding="UTF-8"?>
<!-- Generated by org.testng.reporters.JUnitReportReporter -->
<testsuite hostname="pradeep-PC" name="test.day1" tests="1" failures="0" timestamp="10 Jul 2018 14:23:52 GMT" time="0.019" errors="0">
  <testcase name="test" time="0.019" classname="test.day1"/>
</testsuite> <!-- test.day1 -->
