<?xml version="1.0" encoding="UTF-8"?>
<!-- Generated by org.testng.reporters.JUnitReportReporter -->
<testsuite hostname="pradeep-PC" name="test.day1" tests="1" failures="0" timestamp="9 Jul 2018 15:14:19 GMT" time="0.011" errors="0">
  <testcase name="test" time="0.011" classname="test.day1"/>
</testsuite> <!-- test.day1 -->
