<?xml version="1.0" encoding="UTF-8"?>
<!-- Generated by org.testng.reporters.JUnitReportReporter -->
<testsuite hostname="pradeep-PC" name="test.day2" tests="1" failures="0" timestamp="10 Jul 2018 14:23:51 GMT" time="0.024" errors="0">
  <testcase name="test" time="0.024" classname="test.day2"/>
</testsuite> <!-- test.day2 -->
